[INFO] Scanning for projects...
[INFO]
[INFO] ---------------< com.github.vitalliuss.helloci:hello-ci >---------------
[INFO] Building hello-ci 1.0-SNAPSHOT
[INFO] --------------------------------[ jar ]---------------------------------
[INFO]
[INFO] --- maven-resources-plugin:2.6:resources (default-resources) @ hello-ci -
--
[WARNING] Using platform encoding (Cp1251 actually) to copy filtered resources,
i.e. build is platform dependent!
[INFO] skip non existing resourceDirectory D:\projects\maven_build_tool\Java\src
\main\resources
[INFO]
[INFO] --- maven-compiler-plugin:3.1:compile (default-compile) @ hello-ci ---
[INFO] Changes detected - recompiling the module!
[WARNING] File encoding has not been set, using platform encoding Cp1251, i.e. b
uild is platform dependent!
[INFO] Compiling 2 source files to D:\projects\maven_build_tool\Java\target\clas
ses
[INFO]
[INFO] --- maven-resources-plugin:2.6:testResources (default-testResources) @ he
llo-ci ---
[WARNING] Using platform encoding (Cp1251 actually) to copy filtered resources,
i.e. build is platform dependent!
[INFO] skip non existing resourceDirectory D:\projects\maven_build_tool\Java\src
\test\resources
[INFO]
[INFO] --- maven-compiler-plugin:3.1:testCompile (default-testCompile) @ hello-c
i ---
[INFO] Changes detected - recompiling the module!
[WARNING] File encoding has not been set, using platform encoding Cp1251, i.e. b
uild is platform dependent!
[INFO] Compiling 1 source file to D:\projects\maven_build_tool\Java\target\test-
classes
[INFO]
[INFO] --- maven-surefire-plugin:3.0.0-M1:test (default-test) @ hello-ci ---
[INFO]
[INFO] -------------------------------------------------------
[INFO]  T E S T S
[INFO] -------------------------------------------------------
[INFO] Running com.github.vitalliuss.helloci.AppTest
[ERROR] Tests run: 5, Failures: 1, Errors: 0, Skipped: 1, Time elapsed: 0.109 s
<<< FAILURE! - in com.github.vitalliuss.helloci.AppTest
[ERROR] testShouldBeFailed(com.github.vitalliuss.helloci.AppTest)  Time elapsed:
 0.021 s  <<< FAILURE!
java.lang.AssertionError
        at com.github.vitalliuss.helloci.AppTest.testShouldBeFailed(AppTest.java
:21)

[INFO]
[INFO] Results:
[INFO]
[ERROR] Failures:
[ERROR]   AppTest.testShouldBeFailed:21
[INFO]
[ERROR] Tests run: 5, Failures: 1, Errors: 0, Skipped: 1
[INFO]
[INFO] ------------------------------------------------------------------------
[INFO] BUILD FAILURE
[INFO] ------------------------------------------------------------------------
[INFO] Total time:  14.086 s
[INFO] Finished at: 2019-07-29T16:52:29+03:00
[INFO] ------------------------------------------------------------------------
[ERROR] Failed to execute goal org.apache.maven.plugins:maven-surefire-plugin:3.
0.0-M1:test (default-test) on project hello-ci: There are test failures.
[ERROR]
[ERROR] Please refer to D:\projects\maven_build_tool\Java\target\surefire-report
s for the individual test results.
[ERROR] Please refer to dump files (if any exist) [date].dump, [date]-jvmRun[N].
dump and [date].dumpstream.
[ERROR] -> [Help 1]
[ERROR]
[ERROR] To see the full stack trace of the errors, re-run Maven with the -e swit
ch.
[ERROR] Re-run Maven using the -X switch to enable full debug logging.
[ERROR]
[ERROR] For more information about the errors and possible solutions, please rea
d the following articles:
[ERROR] [Help 1] http://cwiki.apache.org/confluence/display/MAVEN/MojoFailureExc
eption